RangeBarSample/build/outputs/logs/manifest-merger-debug-report.txt
-- Merging decision tree log ---
manifest
ADDED from material-range-bar/RangeBarSample/AndroidManifest.xml:2:1-23:12
	xmlns:android
		ADDED from material-range-bar/RangeBarSample/AndroidManifest.xml:2:11-69
	package
		ADDED from material-range-bar/RangeBarSample/AndroidManifest.xml:3:11-47
	android:versionName
		ADDED from material-range-bar/RangeBarSample/AndroidManifest.xml:5:11-36
	android:versionCode
		ADDED from material-range-bar/RangeBarSample/AndroidManifest.xml:4:11-35
		INJECTED from material-range-bar/RangeBarSample/AndroidManifest.xml
		INJECTED from material-range-bar/RangeBarSample/AndroidManifest.xml
application
ADDED from material-range-bar/RangeBarSample/AndroidManifest.xml:7:5-21:19
MERGED from [com.android.support:support-v4:23.1.0] AndroidManifest.xml:22:5-20
MERGED from [com.android.support:cardview-v7:23.0.1] AndroidManifest.xml:22:5-20
MERGED from [com.android.support:support-v4:23.1.0] AndroidManifest.xml:22:5-20
	android:label
		ADDED from material-range-bar/RangeBarSample/AndroidManifest.xml:10:13-45
	android:allowBackup
		ADDED from material-range-bar/RangeBarSample/AndroidManifest.xml:8:13-39
	android:icon
		ADDED from material-range-bar/RangeBarSample/AndroidManifest.xml:9:13-49
	android:theme
		ADDED from material-range-bar/RangeBarSample/AndroidManifest.xml:11:13-60
activity#com.appyvet.rangebarsample.MainActivity
ADDED from material-range-bar/RangeBarSample/AndroidManifest.xml:12:9-20:20
	android:label
		ADDED from material-range-bar/RangeBarSample/AndroidManifest.xml:14:17-49
	android:name
		ADDED from material-range-bar/RangeBarSample/AndroidManifest.xml:13:17-71
intent-filter#android.intent.action.MAIN+android.intent.category.LAUNCHER
ADDED from material-range-bar/RangeBarSample/AndroidManifest.xml:15:13-19:29
action#android.intent.action.MAIN
ADDED from material-range-bar/RangeBarSample/AndroidManifest.xml:16:17-68
	android:name
		ADDED from material-range-bar/RangeBarSample/AndroidManifest.xml:16:25-66
category#android.intent.category.LAUNCHER
ADDED from material-range-bar/RangeBarSample/AndroidManifest.xml:18:17-76
	android:name
		ADDED from material-range-bar/RangeBarSample/AndroidManifest.xml:18:27-74
uses-sdk
INJECTED from material-range-bar/RangeBarSample/AndroidManifest.xml reason: use-sdk injection requested
MERGED from [com.appyvet:rangebar:1.3] AndroidManifest.xml:7:5-9:41
MERGED from [com.android.support:support-v4:23.1.0] AndroidManifest.xml:20:5-43
MERGED from [com.android.support:cardview-v7:23.0.1] AndroidManifest.xml:20:5-43
MERGED from [com.android.support:support-v4:23.1.0] AndroidManifest.xml:20:5-43
	android:targetSdkVersion
		INJECTED from material-range-bar/RangeBarSample/AndroidManifest.xml
		INJECTED from material-range-bar/RangeBarSample/AndroidManifest.xml
	android:minSdkVersion
		INJECTED from material-range-bar/RangeBarSample/AndroidManifest.xml
		INJECTED from material-range-bar/RangeBarSample/AndroidManifest.xml